Log started at 19/08/2022 14.47.30 (2022-08-19T11:47:30Z)
No config file at C:\Users\kanuki\Documents\Unreal Engine\UnrealBuildTool\BuildConfiguration.xml
Configuration will be read from:
  C:\Users\kanuki\AppData\Roaming\Unreal Engine\UnrealBuildTool\BuildConfiguration.xml
Log file: C:\Users\kanuki\Documents\Unreal Projects\UE5_ComputeShaders\Saved\Logs\UnrealVersionSelector-2022.08.19-14.47.30.log

Note: Android toolchain NDK r21b recommended
Linux using Manual SDK v19_clang-11.0.1-centos7
LinuxArm64 using Manual SDK v19_clang-11.0.1-centos7
Found Windows 10 SDK root at C:\Program Files (x86)\Windows Kits\10 (1)
Found Windows 10 SDK root at C:\Program Files (x86)\Windows Kits\10 (2)
Found Windows 10 SDK version 10.0.17763.0 at C:\Program Files (x86)\Windows Kits\10
Found Universal CRT version 10.0.17763.0 at C:\Program Files (x86)\Windows Kits\10
Found Windows 10 SDK version 10.0.19041.0 at C:\Program Files (x86)\Windows Kits\10
Found Universal CRT version 10.0.19041.0 at C:\Program Files (x86)\Windows Kits\10
Win64 using Manual SDK 10.0.19041.0
Log file: C:\Users\kanuki\AppData\Local\UnrealBuildTool\Log_GPF.txt
Deleting old log file: C:\Users\kanuki\AppData\Local\UnrealBuildTool\Log_GPF-backup-2022.05.02-04.09.45.txt

---   SDK INFO START   ---

Some Platforms were skipped due to invalid SDK setup: IOS, Android.
See the log file for detailed information

---   SDK INFO END   ---

Discovering modules, targets and source code for project...
Found Visual Studio installation: C:\Program Files (x86)\Microsoft Visual Studio\2019\Community (Product=Microsoft.VisualStudio.Product.Community, Version=16.11.31624.102)
Found Visual Studio installation: C:\Program Files\Microsoft Visual Studio\2022\Community (Product=Microsoft.VisualStudio.Product.Community, Version=17.2.32526.322)
Found Visual Studio toolchain: C:\Program Files\Microsoft Visual Studio\2022\Community\VC\Tools\MSVC\14.32.31326 (Family=14.32.31326, FamilyRank=1, Version=14.32.31329, Is64Bit=True, Preview=False, Architecture=x64, Error=False, Redist=C:\Program Files\Microsoft Visual Studio\2022\Community\VC\Redist\MSVC\14.32.31326)
Found Visual Studio toolchain: C:\Program Files (x86)\Microsoft Visual Studio\2019\Community\VC\Tools\MSVC\14.29.30133 (Family=14.29.30133, FamilyRank=0, Version=14.29.30133, Is64Bit=True, Preview=False, Architecture=x64, Error=False, Redist=C:\Program Files (x86)\Microsoft Visual Studio\2019\Community\VC\Redist\MSVC\14.29.30133)
Skipping C:\Program Files\Epic Games\UE_5.0\Engine\Intermediate\Build\BuildRules\UE5Rules.dll: File is installed
Skipping C:\Program Files\Epic Games\UE_5.0\Engine\Intermediate\Build\BuildRules\UE5ProgramRules.dll: File is installed
Compiling C:\Users\kanuki\Documents\Unreal Projects\UE5_ComputeShaders\Intermediate\Build\BuildRules\UE5_ComputeShadersModuleRules.dll: Assembly does not exist
C:\Users\kanuki\Documents\Unreal Projects\UE5_ComputeShaders\Source\UE5_ComputeShaders\UE5_ComputeShaders.Build.cs(3,14): error CS0101: The namespace '<global namespace>' already contains a definition for 'UE5_ComputeShaders'
C:\Users\kanuki\Documents\Unreal Projects\UE5_ComputeShaders\Source\UE5_ComputeShaders\UE5_ComputeShaders.Build.cs(5,12): error CS0111: Type 'UE5_ComputeShaders' already defines a member called '.ctor' with the same parameter types
ERROR: Expecting to find a type to be declared in a target rules named 'UE5_ComputeShadersTarget'.  This type must derive from the 'TargetRules' type defined by Unreal Build Tool.
BuildException: Expecting to find a type to be declared in a target rules named 'UE5_ComputeShadersTarget'.  This type must derive from the 'TargetRules' type defined by Unreal Build Tool.
   at UnrealBuildTool.RulesAssembly.CreateTargetRulesInstance(String TypeName, TargetInfo TargetInfo) in d:\build\++UE5\Sync\Engine\Source\Programs\UnrealBuildTool\System\RulesAssembly.cs:line 532
   at UnrealBuildTool.RulesAssembly.CreateTargetRules(String TargetName, UnrealTargetPlatform Platform, UnrealTargetConfiguration Configuration, String Architecture, FileReference ProjectFile, CommandLineArguments Arguments) in d:\build\++UE5\Sync\Engine\Source\Programs\UnrealBuildTool\System\RulesAssembly.cs:line 723
   at UnrealBuildTool.ProjectFileGenerator.AddProjectsForAllTargets(PlatformProjectGeneratorCollection PlatformProjectGenerators, List`1 AllGames, List`1 AllTargetFiles, String[] Arguments, ProjectFile& EngineProject, List`1& GameProjects, Dictionary`2& ProgramProjects, Dictionary`2& RulesAssemblies) in d:\build\++UE5\Sync\Engine\Source\Programs\UnrealBuildTool\ProjectFiles\ProjectFileGenerator.cs:line 2390
   at UnrealBuildTool.ProjectFileGenerator.GenerateProjectFiles(PlatformProjectGeneratorCollection PlatformProjectGenerators, String[] Arguments) in d:\build\++UE5\Sync\Engine\Source\Programs\UnrealBuildTool\ProjectFiles\ProjectFileGenerator.cs:line 891
   at UnrealBuildTool.GenerateProjectFilesMode.Execute(CommandLineArguments Arguments) in d:\build\++UE5\Sync\Engine\Source\Programs\UnrealBuildTool\Modes\GenerateProjectFilesMode.cs:line 234
   at UnrealBuildTool.UnrealBuildTool.Main(String[] ArgumentsArray) in d:\build\++UE5\Sync\Engine\Source\Programs\UnrealBuildTool\UnrealBuildTool.cs:line 612
WriteFileIfChanged() wrote 0 changed files of 0 requested writes.
Timeline:

[ 0.000]
[ 0.000](+1.374) <unknown>
[ 1.374]
